<?xml version="1.0" encoding="UTF-8"?>
<!-- Generated by org.testng.reporters.JUnitReportReporter -->
<testsuite hostname="shashikumar-v" failures="0" tests="3" name="com.crm.comcast.orgTest.CreateModDelOrgTest" time="0.027" errors="0" timestamp="2022-05-10T16:09:36 IST" skipped="0">
  <testcase classname="com.crm.comcast.orgTest.CreateModDelOrgTest" name="createOrgTest" time="0.021"/>
  <system-out/>
  <testcase classname="com.crm.comcast.orgTest.CreateModDelOrgTest" name="delOrgTest" time="0.004"/>
  <system-out/>
  <testcase classname="com.crm.comcast.orgTest.CreateModDelOrgTest" name="modOrgTest" time="0.002"/>
  <system-out/>
</testsuite> <!-- com.crm.comcast.orgTest.CreateModDelOrgTest -->
