<?xml version="1.0" encoding="UTF-8"?>
<!-- Generated by org.testng.reporters.JUnitReportReporter -->
<testsuite skipped="0" hostname="shashikumar-v" name="com.crm.comcast.contactTest.CreateModDelConTest" tests="3" failures="0" timestamp="2022-05-11T10:48:58 IST" time="0.014" errors="0">
  <testcase name="modconTest" time="0.001" classname="com.crm.comcast.contactTest.CreateModDelConTest"/>
  <system-out/>
  <testcase name="createconTest" time="0.013" classname="com.crm.comcast.contactTest.CreateModDelConTest"/>
  <system-out/>
  <testcase name="delconTest" time="0.000" classname="com.crm.comcast.contactTest.CreateModDelConTest"/>
  <system-out/>
</testsuite> <!-- com.crm.comcast.contactTest.CreateModDelConTest -->
