<?xml version="1.0" encoding="UTF-8"?>
<!-- Generated by org.testng.reporters.JUnitReportReporter -->
<testsuite skipped="0" hostname="shashikumar-v" name="com.crm.comcast.campaignTest.CreateModDelCampTest" tests="2" failures="0" timestamp="2022-05-11T10:46:38 IST" time="0.003" errors="0">
  <testcase name="modCampTest" time="0.001" classname="com.crm.comcast.campaignTest.CreateModDelCampTest"/>
  <system-out/>
  <testcase name="delCampTest" time="0.002" classname="com.crm.comcast.campaignTest.CreateModDelCampTest"/>
  <system-out/>
</testsuite> <!-- com.crm.comcast.campaignTest.CreateModDelCampTest -->
