<?xml version="1.0" encoding="UTF-8"?>
<!-- Generated by org.testng.reporters.JUnitReportReporter -->
<testsuite skipped="0" hostname="shashikumar-v" name="com.crm.comcast.orgTest.CreateModDelOrgTest" tests="1" failures="0" timestamp="2022-05-11T10:46:38 IST" time="0.000" errors="0">
  <testcase name="delOrgTest" time="0.000" classname="com.crm.comcast.orgTest.CreateModDelOrgTest"/>
  <system-out/>
</testsuite> <!-- com.crm.comcast.orgTest.CreateModDelOrgTest -->
